{"uid":"46950e5bec71d9a3","name":"Login with valid credentials and do logout","fullName":"src/test/java/web/resources/features/Demo.feature:14","historyId":"49d56857d5d7e2393243685cbcd4af6arunScenario@0","time":{"start":1743311308790,"stop":1743311341795,"duration":33005},"status":"failed","statusMessage":"An error occurred while waiting for the element to be visible: class com.google.common.collect.Maps$TransformedEntriesMap cannot be cast to class org.openqa.selenium.WebElement (com.google.common.collect.Maps$TransformedEntriesMap and org.openqa.selenium.WebElement are in unnamed module of loader 'app')","statusTrace":"java.lang.AssertionError: An error occurred while waiting for the element to be visible: class com.google.common.collect.Maps$TransformedEntriesMap cannot be cast to class org.openqa.selenium.WebElement (com.google.common.collect.Maps$TransformedEntriesMap and org.openqa.selenium.WebElement are in unnamed module of loader 'app')\n\tat org.testng.Assert.fail(Assert.java:111)\n\tat genericwrappers.GenericWrapper.webdriverWaitElementToBeVisible(GenericWrapper.java:1173)\n\tat genericwrappers.GenericWrapper.enterByWebelement(GenericWrapper.java:325)\n\tat web.pageobjects.DemoSitePage.login(DemoSitePage.java:45)\n\tat web.stepdefinitions.DemoTest.loginWithValidCredentials(DemoTest.java:23)\n\tat ✽.Login with \"standard_user\" and \"secret_sauce\"(file:///home/runner/work/Allure_Test/Allure_Test/src/test/java/web/resources/features/Demo.feature:8)\n","flaky":false,"newFailed":false,"newBroken":false,"newPassed":false,"retriesCount":0,"retriesStatusChange":false,"beforeStages":[],"testStage":{"status":"failed","statusMessage":"An error occurred while waiting for the element to be visible: class com.google.common.collect.Maps$TransformedEntriesMap cannot be cast to class org.openqa.selenium.WebElement (com.google.common.collect.Maps$TransformedEntriesMap and org.openqa.selenium.WebElement are in unnamed module of loader 'app')","statusTrace":"java.lang.AssertionError: An error occurred while waiting for the element to be visible: class com.google.common.collect.Maps$TransformedEntriesMap cannot be cast to class org.openqa.selenium.WebElement (com.google.common.collect.Maps$TransformedEntriesMap and org.openqa.selenium.WebElement are in unnamed module of loader 'app')\n\tat org.testng.Assert.fail(Assert.java:111)\n\tat genericwrappers.GenericWrapper.webdriverWaitElementToBeVisible(GenericWrapper.java:1173)\n\tat genericwrappers.GenericWrapper.enterByWebelement(GenericWrapper.java:325)\n\tat web.pageobjects.DemoSitePage.login(DemoSitePage.java:45)\n\tat web.stepdefinitions.DemoTest.loginWithValidCredentials(DemoTest.java:23)\n\tat ✽.Login with \"standard_user\" and \"secret_sauce\"(file:///home/runner/work/Allure_Test/Allure_Test/src/test/java/web/resources/features/Demo.feature:8)\n","steps":[{"name":"Given Data fetching \"tsc_ecomm_test_selection.xlsx\" and \"Q4_ECOMM\"","time":{"start":1743311308792,"stop":1743311308796,"duration":4},"status":"passed","steps":[],"attachments":[],"parameters":[],"shouldDisplayMessage":false,"stepsCount":0,"attachmentsCount":0,"hasContent":false},{"name":"Given Login with \"standard_user\" and \"secret_sauce\"","time":{"start":1743311308797,"stop":1743311341788,"duration":32991},"status":"failed","statusMessage":"An error occurred while waiting for the element to be visible: class com.google.common.collect.Maps$TransformedEntriesMap cannot be cast to class org.openqa.selenium.WebElement (com.google.common.collect.Maps$TransformedEntriesMap and org.openqa.selenium.WebElement are in unnamed module of loader 'app')","statusTrace":"java.lang.AssertionError: An error occurred while waiting for the element to be visible: class com.google.common.collect.Maps$TransformedEntriesMap cannot be cast to class org.openqa.selenium.WebElement (com.google.common.collect.Maps$TransformedEntriesMap and org.openqa.selenium.WebElement are in unnamed module of loader 'app')\n\tat org.testng.Assert.fail(Assert.java:111)\n\tat genericwrappers.GenericWrapper.webdriverWaitElementToBeVisible(GenericWrapper.java:1173)\n\tat genericwrappers.GenericWrapper.enterByWebelement(GenericWrapper.java:325)\n\tat web.pageobjects.DemoSitePage.login(DemoSitePage.java:45)\n\tat web.stepdefinitions.DemoTest.loginWithValidCredentials(DemoTest.java:23)\n\tat ✽.Login with \"standard_user\" and \"secret_sauce\"(file:///home/runner/work/Allure_Test/Allure_Test/src/test/java/web/resources/features/Demo.feature:8)\n","steps":[],"attachments":[{"uid":"142b20cd5661f0d7","name":"timeout_20250330_050901.png","source":"142b20cd5661f0d7.png","type":"image/png","size":577733}],"parameters":[],"shouldDisplayMessage":true,"stepsCount":0,"attachmentsCount":1,"hasContent":true},{"name":"When Verify able to login and perform logout","time":{"start":1743311341789,"stop":1743311341789,"duration":0},"status":"skipped","steps":[],"attachments":[],"parameters":[],"shouldDisplayMessage":false,"stepsCount":0,"attachmentsCount":0,"hasContent":false}],"attachments":[],"parameters":[],"shouldDisplayMessage":false,"stepsCount":3,"attachmentsCount":1,"hasContent":true},"afterStages":[{"name":"web.stepdefinitions.WebTestSteps.afterScenario(io.cucumber.java.Scenario)","time":{"start":1743311341790,"stop":1743311341792,"duration":2},"status":"passed","steps":[],"attachments":[],"parameters":[],"shouldDisplayMessage":false,"stepsCount":0,"attachmentsCount":0,"hasContent":false}],"labels":[{"name":"tag","value":"Demo"},{"name":"host","value":"fv-az1701-508"},{"name":"thread","value":"2362@fv-az1701-508.runScenario@0(51)"},{"name":"feature","value":"Saucedemo"},{"name":"story","value":"Login with valid credentials and do logout"},{"name":"suite","value":"Saucedemo"},{"name":"testClass","value":"Login with valid credentials and do logout"},{"name":"framework","value":"cucumber4jvm"},{"name":"language","value":"java"},{"name":"gherkin_uri","value":"file:///home/runner/work/Allure_Test/Allure_Test/src/test/java/web/resources/features/Demo.feature"},{"name":"package","value":"src.test.java.web.resources.features.Demo_feature.Saucedemo"},{"name":"resultFormat","value":"allure2"}],"parameters":[{"name":"BSPlatform","value":"Windows, 10, Chrome, 128.0"},{"name":"pwd","value":"secret_sauce"},{"name":"username","value":"standard_user"}],"links":[],"hidden":false,"retry":false,"extra":{"severity":"normal","retries":[],"categories":[{"name":"Product defects","matchedStatuses":[],"flaky":false}],"history":{"statistic":{"failed":4,"broken":0,"skipped":0,"passed":4,"unknown":0,"total":8},"items":[{"uid":"6aa3f42871549c97","reportUrl":"https://Yathish-TA.github.io/Allure_Test/14//#testresult/6aa3f42871549c97","status":"failed","statusDetails":"Element not clickable after 30 seconds: Expected condition failed: waiting for visibility of Proxy element for: DefaultElementLocator 'By.xpath: //*[@id=\"user-name\"]' (tried for 30 second(s) with 500 milliseconds interval)","time":{"start":1742706498067,"stop":1742706560530,"duration":62463}},{"uid":"50b05c6bec2e60bc","reportUrl":"https://Yathish-TA.github.io/Allure_Test/13//#testresult/50b05c6bec2e60bc","status":"failed","statusDetails":"Element not clickable after 30 seconds: Expected condition failed: waiting for visibility of Proxy element for: DefaultElementLocator 'By.xpath: //*[@id=\"user-name\"]' (tried for 30 second(s) with 500 milliseconds interval)","time":{"start":1742297750308,"stop":1742297817755,"duration":67447}},{"uid":"9d14d95ad4e69db5","reportUrl":"https://Yathish-TA.github.io/Allure_Test/12//#testresult/9d14d95ad4e69db5","status":"failed","statusDetails":"An error occurred while waiting for the element to be visible: class com.google.common.collect.Maps$TransformedEntriesMap cannot be cast to class org.openqa.selenium.WebElement (com.google.common.collect.Maps$TransformedEntriesMap and org.openqa.selenium.WebElement are in unnamed module of loader 'app')","time":{"start":1742297168612,"stop":1742297203278,"duration":34666}},{"uid":"264956d4e95c9c21","reportUrl":"https://Yathish-TA.github.io/Allure_Test/11//#testresult/264956d4e95c9c21","status":"passed","time":{"start":1742296376202,"stop":1742296383568,"duration":7366}},{"uid":"a4a6cad3d9118a54","reportUrl":"https://Yathish-TA.github.io/Allure_Test/10//#testresult/a4a6cad3d9118a54","status":"passed","time":{"start":1742295941657,"stop":1742295947672,"duration":6015}},{"uid":"71f4cfe313f346f7","reportUrl":"https://Yathish-TA.github.io/Allure_Test/9//#testresult/71f4cfe313f346f7","status":"passed","time":{"start":1742294481667,"stop":1742294488179,"duration":6512}},{"uid":"3673b265f7f6bb61","reportUrl":"https://Yathish-TA.github.io/Allure_Test/8//#testresult/3673b265f7f6bb61","status":"passed","time":{"start":1742293981801,"stop":1742293986923,"duration":5122}}]},"tags":["Demo"]},"source":"46950e5bec71d9a3.json","parameterValues":["Windows, 10, Chrome, 128.0","secret_sauce","standard_user"]}